0 info it worked if it ends with ok
1 verbose cli [ 'C:\\Program Files\\nodejs\\node.exe',
1 verbose cli   'C:\\Program Files\\nodejs\\node_modules\\npm\\bin\\npm-cli.js',
1 verbose cli   'install',
1 verbose cli   '--global',
1 verbose cli   'generator-angular@0.00.0',
1 verbose cli   'generator-karma' ]
2 info using npm@2.14.12
3 info using node@v4.3.2
4 verbose install initial load of C:\Users\Charizard\AppData\Roaming\npm\package.json
5 verbose readDependencies loading dependencies from C:\Users\Charizard\AppData\Roaming\npm\package.json
6 silly cache add args [ 'generator-angular@0.00.0', null ]
7 verbose cache add spec generator-angular@0.00.0
8 silly cache add args [ 'generator-karma', null ]
9 verbose cache add spec generator-karma
10 silly cache add parsed spec Result {
10 silly cache add   raw: 'generator-angular@0.00.0',
10 silly cache add   scope: null,
10 silly cache add   name: 'generator-angular',
10 silly cache add   rawSpec: '0.00.0',
10 silly cache add   spec: '0.0.0',
10 silly cache add   type: 'version' }
11 silly addNamed generator-angular@0.0.0
12 verbose addNamed "0.0.0" is a plain semver version for generator-angular
13 silly mapToRegistry name generator-angular
14 silly mapToRegistry using default registry
15 silly mapToRegistry registry https://registry.npmjs.org/
16 silly mapToRegistry uri https://registry.npmjs.org/generator-angular
17 verbose addNameVersion registry:https://registry.npmjs.org/generator-angular not in flight; fetching
18 silly cache add parsed spec Result {
18 silly cache add   raw: 'generator-karma',
18 silly cache add   scope: null,
18 silly cache add   name: 'generator-karma',
18 silly cache add   rawSpec: '',
18 silly cache add   spec: 'latest',
18 silly cache add   type: 'tag' }
19 silly addNamed generator-karma@latest
20 verbose addNamed "latest" is being treated as a dist-tag for generator-karma
21 info addNameTag [ 'generator-karma', 'latest' ]
22 silly mapToRegistry name generator-karma
23 silly mapToRegistry using default registry
24 silly mapToRegistry registry https://registry.npmjs.org/
25 silly mapToRegistry uri https://registry.npmjs.org/generator-karma
26 verbose addNameTag registry:https://registry.npmjs.org/generator-karma not in flight; fetching
27 verbose request uri https://registry.npmjs.org/generator-angular
28 verbose request no auth needed
29 info attempt registry request try #1 at 10:08:15 PM
30 verbose request id 59f47cdd43df5513
31 http request GET https://registry.npmjs.org/generator-angular
32 verbose request uri https://registry.npmjs.org/generator-karma
33 verbose request no auth needed
34 info attempt registry request try #1 at 10:08:15 PM
35 http request GET https://registry.npmjs.org/generator-karma
36 http 200 https://registry.npmjs.org/generator-karma
37 verbose headers { server: 'CouchDB/1.5.0 (Erlang OTP/R16B03)',
37 verbose headers   etag: '"11IKK5R2UXDVON0RUCMVWEKBS"',
37 verbose headers   'content-type': 'application/json',
37 verbose headers   'cache-control': 'max-age=300',
37 verbose headers   'content-length': '27475',
37 verbose headers   'accept-ranges': 'bytes',
37 verbose headers   date: 'Wed, 09 Mar 2016 05:08:20 GMT',
37 verbose headers   via: '1.1 varnish',
37 verbose headers   age: '145',
37 verbose headers   connection: 'keep-alive',
37 verbose headers   'x-served-by': 'cache-sjc3134-SJC',
37 verbose headers   'x-cache': 'HIT',
37 verbose headers   'x-cache-hits': '1',
37 verbose headers   'x-timer': 'S1457500100.734087,VS0,VE0',
37 verbose headers   vary: 'Accept' }
38 silly get cb [ 200,
38 silly get   { server: 'CouchDB/1.5.0 (Erlang OTP/R16B03)',
38 silly get     etag: '"11IKK5R2UXDVON0RUCMVWEKBS"',
38 silly get     'content-type': 'application/json',
38 silly get     'cache-control': 'max-age=300',
38 silly get     'content-length': '27475',
38 silly get     'accept-ranges': 'bytes',
38 silly get     date: 'Wed, 09 Mar 2016 05:08:20 GMT',
38 silly get     via: '1.1 varnish',
38 silly get     age: '145',
38 silly get     connection: 'keep-alive',
38 silly get     'x-served-by': 'cache-sjc3134-SJC',
38 silly get     'x-cache': 'HIT',
38 silly get     'x-cache-hits': '1',
38 silly get     'x-timer': 'S1457500100.734087,VS0,VE0',
38 silly get     vary: 'Accept' } ]
39 verbose get saving generator-karma to C:\Users\Charizard\AppData\Roaming\npm-cache\registry.npmjs.org\generator-karma\.cache.json
40 silly addNameTag next cb for generator-karma with tag latest
41 silly addNamed generator-karma@2.0.0
42 verbose addNamed "2.0.0" is a plain semver version for generator-karma
43 silly mapToRegistry name generator-karma
44 silly mapToRegistry using default registry
45 silly mapToRegistry registry https://registry.npmjs.org/
46 silly mapToRegistry uri https://registry.npmjs.org/generator-karma
47 verbose addRemoteTarball https://registry.npmjs.org/generator-karma/-/generator-karma-2.0.0.tgz not in flight; adding
48 verbose addRemoteTarball [ 'https://registry.npmjs.org/generator-karma/-/generator-karma-2.0.0.tgz',
48 verbose addRemoteTarball   '194f400caa970539d43dabb3c5425d96fb4343ad' ]
49 info retry fetch attempt 1 at 10:08:15 PM
50 info attempt registry request try #1 at 10:08:15 PM
51 http fetch GET https://registry.npmjs.org/generator-karma/-/generator-karma-2.0.0.tgz
52 http fetch 200 https://registry.npmjs.org/generator-karma/-/generator-karma-2.0.0.tgz
53 silly fetchAndShaCheck shasum 194f400caa970539d43dabb3c5425d96fb4343ad
54 verbose addTmpTarball C:\Users\CHARIZ~1\AppData\Local\Temp\npm-8880-e2aeaf9f\registry.npmjs.org\generator-karma\-\generator-karma-2.0.0.tgz not in flight; adding
55 verbose addTmpTarball already have metadata; skipping unpack for generator-karma@2.0.0
56 silly cache afterAdd generator-karma@2.0.0
57 verbose afterAdd C:\Users\Charizard\AppData\Roaming\npm-cache\generator-karma\2.0.0\package\package.json not in flight; writing
58 verbose afterAdd C:\Users\Charizard\AppData\Roaming\npm-cache\generator-karma\2.0.0\package\package.json written
59 http 200 https://registry.npmjs.org/generator-angular
60 verbose headers { server: 'CouchDB/1.5.0 (Erlang OTP/R16B03)',
60 verbose headers   etag: '"3JF4ZD7QMWH99XLAPTE4ELOVF"',
60 verbose headers   'content-type': 'application/json',
60 verbose headers   'cache-control': 'max-age=300',
60 verbose headers   'content-length': '86643',
60 verbose headers   'accept-ranges': 'bytes',
60 verbose headers   date: 'Wed, 09 Mar 2016 05:08:20 GMT',
60 verbose headers   via: '1.1 varnish',
60 verbose headers   age: '0',
60 verbose headers   connection: 'keep-alive',
60 verbose headers   'x-served-by': 'cache-sjc3130-SJC',
60 verbose headers   'x-cache': 'HIT',
60 verbose headers   'x-cache-hits': '1',
60 verbose headers   'x-timer': 'S1457500100.728922,VS0,VE178',
60 verbose headers   vary: 'Accept' }
61 silly get cb [ 200,
61 silly get   { server: 'CouchDB/1.5.0 (Erlang OTP/R16B03)',
61 silly get     etag: '"3JF4ZD7QMWH99XLAPTE4ELOVF"',
61 silly get     'content-type': 'application/json',
61 silly get     'cache-control': 'max-age=300',
61 silly get     'content-length': '86643',
61 silly get     'accept-ranges': 'bytes',
61 silly get     date: 'Wed, 09 Mar 2016 05:08:20 GMT',
61 silly get     via: '1.1 varnish',
61 silly get     age: '0',
61 silly get     connection: 'keep-alive',
61 silly get     'x-served-by': 'cache-sjc3130-SJC',
61 silly get     'x-cache': 'HIT',
61 silly get     'x-cache-hits': '1',
61 silly get     'x-timer': 'S1457500100.728922,VS0,VE178',
61 silly get     vary: 'Accept' } ]
62 verbose get saving generator-angular to C:\Users\Charizard\AppData\Roaming\npm-cache\registry.npmjs.org\generator-angular\.cache.json
63 verbose stack Error: version not found: generator-angular@0.0.0
63 verbose stack     at setData (C:\Program Files\nodejs\node_modules\npm\lib\cache\add-named.js:137:12)
63 verbose stack     at RES (C:\Program Files\nodejs\node_modules\npm\node_modules\inflight\inflight.js:23:14)
63 verbose stack     at f (C:\Program Files\nodejs\node_modules\npm\node_modules\once\once.js:17:25)
63 verbose stack     at fixName (C:\Program Files\nodejs\node_modules\npm\lib\cache\add-named.js:29:5)
63 verbose stack     at saved (C:\Program Files\nodejs\node_modules\npm\lib\cache\caching-client.js:173:7)
63 verbose stack     at C:\Program Files\nodejs\node_modules\npm\node_modules\graceful-fs\polyfills.js:210:7
63 verbose stack     at FSReqWrap.oncomplete (fs.js:82:15)
64 verbose statusCode 404
65 verbose cwd C:\xampp\htdocs\stevenshop
66 error Windows_NT 10.0.10240
67 error argv "C:\\Program Files\\nodejs\\node.exe" "C:\\Program Files\\nodejs\\node_modules\\npm\\bin\\npm-cli.js" "install" "--global" "generator-angular@0.00.0" "generator-karma"
68 error node v4.3.2
69 error npm  v2.14.12
70 error version not found: generator-angular@0.0.0
71 error If you need help, you may report this error at:
71 error     <https://github.com/npm/npm/issues>
72 verbose exit [ 1, true ]
